2025-10-27 16:14:06 [INFO] main: --- 🔄 Starting Wimood to Shopify Sync Job at 2025-10-27T16:14:06.586307 ---
2025-10-27 16:27:22 [INFO] main: --- 🔄 Starting Wimood to Shopify Sync Job at 2025-10-27T16:27:22.230250 ---
2025-10-27 16:27:22 [INFO] main: Step 1: Fetching core data (Title, Price, Stock) via Wimood API...
2025-10-27 16:27:22 [INFO] main: Fetched 0 products from Wimood API.
2025-10-27 16:38:04 [INFO] main: --- 🔄 Starting Wimood to Shopify Sync Job at 2025-10-27T16:38:04.714278 ---
2025-10-27 16:38:04 [INFO] main: Step 1: Fetching core data (Title, Price, Stock) via Wimood API...
2025-10-27 16:38:05 [INFO] main: Fetched 0 products from Wimood API.
2025-10-27 16:42:48 [INFO] main: --- 🔄 Starting Wimood to Shopify Sync Job at 2025-10-27T16:42:48.076136 ---
2025-10-27 16:42:48 [INFO] main: Step 1: Fetching core data (Title, Price, Stock) via Wimood API...
2025-10-27 16:42:48 [ERROR] main: FATAL: Failed to fetch core data from Wimood API. Aborting sync: object of type 'NoneType' has no len()
2025-10-27 16:44:33 [INFO] main: --- 🔄 Starting Wimood to Shopify Sync Job at 2025-10-27T16:44:33.570191 ---
2025-10-27 16:44:33 [INFO] main: Step 1: Fetching core data (Title, Price, Stock) via Wimood API...
2025-10-27 16:44:33 [ERROR] main: FATAL: Failed to fetch core data from Wimood API. Aborting sync: object of type 'NoneType' has no len()
2025-10-27 16:44:43 [INFO] main: --- 🔄 Starting Wimood to Shopify Sync Job at 2025-10-27T16:44:43.727579 ---
2025-10-27 16:44:43 [INFO] main: Step 1: Fetching core data (Title, Price, Stock) via Wimood API...
2025-10-27 16:44:43 [INFO] main: Fetched 0 products from Wimood API.
2025-10-27 16:46:53 [INFO] main: --- 🔄 Starting Wimood to Shopify Sync Job at 2025-10-27T16:46:53.140927 ---
2025-10-27 16:46:53 [INFO] main: Step 1: Fetching core data (Title, Price, Stock) via Wimood API...
2025-10-27 16:46:53 [INFO] main: Fetched 1910 products from Wimood API.
2025-10-27 16:47:15 [INFO] main: --- 🔄 Starting Wimood to Shopify Sync Job at 2025-10-27T16:47:15.030917 ---
2025-10-27 16:47:15 [INFO] main: Fetching core data (Title, Price, Stock) via Wimood API...
2025-10-27 16:47:15 [INFO] main: Fetched 1910 products from Wimood API.
2025-10-27 16:49:36 [INFO] main: --- 🔄 Starting Wimood to Shopify Sync Job at 2025-10-27T16:49:36.797276 ---
2025-10-27 16:49:36 [INFO] main: Fetching core data (Title, Price, Stock) via Wimood API...
2025-10-27 16:49:36 [INFO] main: Fetched 1910 products from Wimood API.
2025-10-27 16:50:24 [INFO] main: --- 🔄 Starting Wimood to Shopify Sync Job at 2025-10-27T16:50:24.819327 ---
2025-10-27 16:50:24 [INFO] main: Fetching core data (Title, Price, Stock) via Wimood API...
2025-10-27 16:50:24 [INFO] main: Fetched 1910 products from Wimood API.
2025-10-27 16:50:24 [INFO] main: --- ✅ Sync Job Summary ---
2025-10-27 16:50:24 [INFO] main: Total Duration: 0.14 seconds
2025-10-27 16:50:24 [INFO] main: -------------------------------------------------
2025-10-27 16:54:58 [INFO] main: --- 🔄 Starting Wimood to Shopify Sync Job at 2025-10-27T16:54:58.106656 ---
2025-10-27 16:54:58 [INFO] main: Fetching core data (Title, Price, Stock) via Wimood API...
2025-10-27 16:54:58 [INFO] main: Fetched 1910 products from Wimood API.
2025-10-27 16:54:58 [INFO] main: --- ✅ Sync Job Summary ---
2025-10-27 16:54:58 [INFO] main: Total Duration: 0.25 seconds
2025-10-27 16:54:58 [INFO] main: -------------------------------------------------
2025-10-27 16:54:58 [INFO] main: 😴 Sync cycle complete. Next run in 0.08 hours (300 seconds)...

2025-10-27 16:57:24 [INFO] main: 🔄 Starting Wimood to Shopify Sync
2025-10-27 16:57:24 [INFO] main: Fetching core data (Title, Price, Stock) via Wimood API...
2025-10-27 16:57:24 [INFO] main: Fetched 1910 products from Wimood API.
2025-10-27 16:57:24 [INFO] main: ✅ Sync Job Finished in  0.15 seconds 
2025-10-27 16:57:24 [INFO] main: -------------------------------------------------
2025-10-27 16:57:24 [INFO] main: 😴 Sync cycle complete. Next run in 0.08 hours (300 seconds)...

2025-10-27 17:02:24 [INFO] main: 🔄 Starting Wimood to Shopify Sync
2025-10-27 17:02:24 [INFO] main: Fetching core data (Title, Price, Stock) via Wimood API...
2025-10-27 17:02:24 [INFO] main: Fetched 1910 products from Wimood API.
2025-10-27 17:02:24 [INFO] main: ✅ Sync Job Finished in  0.19 seconds 
2025-10-27 17:02:24 [INFO] main: -------------------------------------------------
2025-10-27 17:02:24 [INFO] main: 😴 Sync cycle complete. Next run in 0.08 hours (300 seconds)...

2025-10-27 17:03:35 [INFO] main: 🔄 Starting Wimood to Shopify Sync
2025-10-27 17:03:35 [INFO] main: Fetching core data (Title, Price, Stock) via Wimood API...
2025-10-27 17:03:35 [INFO] main: Fetched 1910 products from Wimood API.
2025-10-27 17:03:35 [INFO] main: ✅ Sync Job Finished in  0.14 seconds 
2025-10-27 17:03:35 [INFO] main: -------------------------------------------------
2025-10-27 17:03:35 [INFO] main: 😴 Sync cycle complete. Next run in 5 minutes...

2025-10-27 17:05:32 [INFO] main: ====================================================================
2025-10-27 17:05:32 [INFO] main: 🔄 STARTING SYNC: Wimood to Shopify
2025-10-27 17:05:32 [INFO] main: --------------------------------------------------------------------
2025-10-27 17:05:32 [INFO] main: Fetching core data (Title, Price, Stock) via Wimood API...
2025-10-27 17:05:32 [INFO] main: Fetched 1910 products from Wimood API.
2025-10-27 17:05:32 [INFO] main: --------------------------------------------------------------------
2025-10-27 17:05:32 [INFO] main: ✅ SYNC COMPLETE | Duration: 0.14 seconds
2025-10-27 17:05:32 [INFO] main: ====================================================================
2025-10-27 17:05:32 [INFO] main: 😴 Sync cycle complete. Next run in 5 minutes...

2025-10-27 17:05:55 [INFO] main: ====================================================================
2025-10-27 17:05:55 [INFO] main: 🔄 STARTING SYNC: Wimood to Shopify
2025-10-27 17:05:55 [INFO] main: --------------------------------------------------------------------
2025-10-27 17:05:55 [INFO] main: Fetching core data (Title, Price, Stock) via Wimood API...
2025-10-27 17:05:55 [INFO] main: Fetched 1910 products from Wimood API.
2025-10-27 17:05:55 [INFO] main: --------------------------------------------------------------------
2025-10-27 17:05:55 [INFO] main: ✅ SYNC COMPLETE | Duration: 0.14 seconds
2025-10-27 17:05:55 [INFO] main: ====================================================================
2025-10-27 17:05:55 [INFO] main: 😴 Sync cycle complete. Next run in 5 seconds...

2025-10-27 17:06:00 [INFO] main: ====================================================================
2025-10-27 17:06:00 [INFO] main: 🔄 STARTING SYNC: Wimood to Shopify
2025-10-27 17:06:00 [INFO] main: --------------------------------------------------------------------
2025-10-27 17:06:00 [INFO] main: Fetching core data (Title, Price, Stock) via Wimood API...
2025-10-27 17:06:00 [INFO] main: Fetched 1910 products from Wimood API.
2025-10-27 17:06:00 [INFO] main: --------------------------------------------------------------------
2025-10-27 17:06:00 [INFO] main: ✅ SYNC COMPLETE | Duration: 0.16 seconds
2025-10-27 17:06:00 [INFO] main: ====================================================================
2025-10-27 17:06:00 [INFO] main: 😴 Sync cycle complete. Next run in 5 seconds...

2025-10-27 17:06:05 [INFO] main: ====================================================================
2025-10-27 17:06:05 [INFO] main: 🔄 STARTING SYNC: Wimood to Shopify
2025-10-27 17:06:05 [INFO] main: --------------------------------------------------------------------
2025-10-27 17:06:05 [INFO] main: Fetching core data (Title, Price, Stock) via Wimood API...
2025-10-27 17:06:06 [INFO] main: Fetched 1910 products from Wimood API.
2025-10-27 17:06:06 [INFO] main: --------------------------------------------------------------------
2025-10-27 17:06:06 [INFO] main: ✅ SYNC COMPLETE | Duration: 0.15 seconds
2025-10-27 17:06:06 [INFO] main: ====================================================================
2025-10-27 17:06:06 [INFO] main: 😴 Sync cycle complete. Next run in 5 seconds...

2025-10-27 17:09:43 [INFO] main: ====================================================================
2025-10-27 17:09:43 [INFO] main: 🔄 STARTING SYNC: Wimood to Shopify
2025-10-27 17:09:43 [INFO] main: --------------------------------------------------------------------
2025-10-27 17:09:43 [INFO] main: Fetching core data (Title, Price, Stock) via Wimood API...
2025-10-27 17:09:43 [INFO] main: Fetched 1910 products from Wimood API.
2025-10-27 17:09:43 [INFO] main: --------------------------------------------------------------------
2025-10-27 17:09:43 [INFO] main: ✅ SYNC COMPLETE | Duration: 0.22 seconds
2025-10-27 17:09:43 [INFO] main: ====================================================================
2025-10-27 17:09:43 [INFO] main: 😴 Sync cycle complete. Next run in 1 hour...

